c:\users\dan\source\repos\2d-warfare\2d-warfare\x64\debug\vc141.pdb
c:\users\dan\source\repos\2d-warfare\2d-warfare\x64\debug\vc141.idb
c:\users\dan\source\repos\2d-warfare\2d-warfare\x64\debug\window_manager.obj
c:\users\dan\source\repos\2d-warfare\2d-warfare\x64\debug\turret.obj
c:\users\dan\source\repos\2d-warfare\2d-warfare\x64\debug\tank.obj
c:\users\dan\source\repos\2d-warfare\2d-warfare\x64\debug\menuscreen.obj
c:\users\dan\source\repos\2d-warfare\2d-warfare\x64\debug\map.obj
c:\users\dan\source\repos\2d-warfare\2d-warfare\x64\debug\entities.obj
c:\users\dan\source\repos\2d-warfare\2d-warfare\x64\debug\2d-warfare.obj
c:\users\dan\source\repos\2d-warfare\2d-warfare\x64\debug\aa.obj
c:\users\dan\source\repos\2d-warfare\2d-warfare\x64\debug\turrets.obj
c:\users\dan\source\repos\2d-warfare\2d-warfare\x64\debug\aaturret.obj
c:\users\dan\source\repos\2d-warfare\x64\debug\2d-warfare.exe
c:\users\dan\source\repos\2d-warfare\x64\debug\2d-warfare.ilk
c:\users\dan\source\repos\2d-warfare\x64\debug\2d-warfare.pdb
c:\users\dan\source\repos\2d-warfare\2d-warfare\x64\debug\turrets.obj.enc
c:\users\dan\source\repos\2d-warfare\2d-warfare\x64\debug\2d-warfare.tlog\cl.command.1.tlog
c:\users\dan\source\repos\2d-warfare\2d-warfare\x64\debug\2d-warfare.tlog\cl.read.1.tlog
c:\users\dan\source\repos\2d-warfare\2d-warfare\x64\debug\2d-warfare.tlog\cl.write.1.tlog
c:\users\dan\source\repos\2d-warfare\2d-warfare\x64\debug\2d-warfare.tlog\link.command.1.tlog
c:\users\dan\source\repos\2d-warfare\2d-warfare\x64\debug\2d-warfare.tlog\link.read.1.tlog
c:\users\dan\source\repos\2d-warfare\2d-warfare\x64\debug\2d-warfare.tlog\link.write.1.tlog
